TN:
SF:src/user/service.js
FN:5,create
FN:15,findByEmail
FN:29,findAll
FN:33,findOne
FN:52,update
FN:56,remove
FNF:6
FNH:3
FNDA:3,create
FNDA:4,findByEmail
FNDA:0,findAll
FNDA:0,findOne
FNDA:0,update
FNDA:1,remove
DA:1,1
DA:2,1
DA:3,1
DA:4,1
DA:5,1
DA:6,3
DA:7,3
DA:8,3
DA:9,3
DA:10,3
DA:11,3
DA:12,3
DA:13,1
DA:14,1
DA:15,1
DA:16,4
DA:17,4
DA:18,4
DA:19,4
DA:20,4
DA:21,4
DA:22,4
DA:23,4
DA:24,2
DA:25,2
DA:26,2
DA:27,1
DA:28,1
DA:29,1
DA:30,0
DA:31,1
DA:32,1
DA:33,1
DA:34,0
DA:35,0
DA:36,0
DA:37,0
DA:38,0
DA:39,0
DA:40,0
DA:41,0
DA:42,0
DA:43,0
DA:44,0
DA:45,0
DA:46,0
DA:47,0
DA:48,0
DA:49,0
DA:50,1
DA:51,1
DA:52,1
DA:53,0
DA:54,1
DA:55,1
DA:56,1
DA:57,1
DA:58,1
DA:59,1
DA:60,1
DA:61,1
DA:62,1
DA:63,1
DA:64,1
DA:65,0
DA:66,0
DA:67,1
DA:68,1
DA:69,1
DA:70,1
DA:71,1
LF:71
LH:51
BRDA:5,0,0,3
BRDA:15,1,0,4
BRDA:23,2,0,2
BRDA:56,3,0,1
BRDA:64,4,0,0
BRF:5
BRH:4
end_of_record
